<?xml version="1.0" encoding="UTF-8"?>
<testsuite xmlns:xsi="http://www.w3.org/2001/XMLSchema-instance" xsi:schemaLocation="https://maven.apache.org/surefire/maven-surefire-plugin/xsd/surefire-test-report.xsd" name="runner.RunnerTest" time="7.541" tests="6" errors="0" skipped="0" failures="0">
  <properties>
[...]
</properties>
  <testcase name="Faça um pedido para um animal de estimacao" classname="Acessar a Loja  do PetStore" time="2.227"/>
  <testcase name="Criacao do usuario valido" classname="Testes de usuarios validos e invalidos" time="0.874"/>
  <testcase name="Criacao do usuario invalido" classname="Testes de usuarios validos e invalidos" time="0.844"/>
  <testcase name="Atualizar um usuario ja cadastrado" classname="Testes de usuarios validos e invalidos" time="0.82"/>
  <testcase name="logando usuario valido" classname="Testes de usuarios validos e invalidos" time="0.84"/>
  <testcase name="deletando usuario existente" classname="Testes de usuarios validos e invalidos" time="0.827"/>
</testsuite>